receiveMsg 0 {"id":"1232345","client_id":"bft_client0001","payload":"receiveMsg hello world","timestamp":100000,"status":0}
commit 0 {"view_num":1,"sequence_num":0,"msg_digest":"","node_id":1}
commit 0 {"view_num":1,"sequence_num":0,"msg_digest":"","node_id":1}
commit 0 {"view_num":1,"sequence_num":0,"msg_digest":"","node_id":1}
receiveMsg 0 {"id":"1232345","client_id":"bft_client0001","payload":"receiveMsg hello world","timestamp":100000,"status":0}
commit 0 receiveMsg hello world
commit 0 receiveMsg hello world
commit 0 receiveMsg hello world
receiveMsg 0 {"id":"1232345","client_id":"bft_client0001","payload":"receiveMsg hello world","timestamp":100000,"status":0}
commit 0 receiveMsg hello world
receiveMsg 0 {"id":"1232345","client_id":"bft_client0001","payload":"receiveMsg hello world","timestamp":100000,"status":0}
commit 0 receiveMsg hello world
receiveMsg 0 {"id":"1232345","client_id":"bft_client0001","payload":"receiveMsg hello world","timestamp":100000,"status":0}
commit 0 receiveMsg hello world
receiveMsg 0 {"id":"1232345","client_id":"bft_client0001","payload":"receiveMsg hello world","timestamp":100000,"status":0}
commit 0 receiveMsg hello world
commit 0 receiveMsg hello world
commit 0 receiveMsg hello world
commit 0 receiveMsg hello world
receiveMsg 0 {"id":"10001","client_id":"bft_client0001","payload":"put first_key=hello","timestamp":100000,"status":0}
commit 0 put first_key=hello
commit 0 put first_key=hello
commit 0 put first_key=hello
commit 0 put first_key=hello
receiveMsg 0 {"id":"10001","client_id":"bft_client0001","payload":"put first_key=hello","timestamp":100000,"status":0}
commit 0 put first_key=hello
commit 0 put first_key=hello
commit 0 put first_key=hello
commit 0 put first_key=hello
receiveMsg 183d6c4930a03b96a555c5f725b2f3ca {"id":"10001","client_id":"bft_client0001","payload":"put first_key=hello","timestamp":100000,"status":0,"md5sign":""}
receiveMsg 183d6c4930a03b96a555c5f725b2f3ca {"id":"10001","client_id":"bft_client0001","payload":"put first_key=hello","status":0,"timestamp":100000,"md5sign":""}
receiveMsg 183d6c4930a03b96a555c5f725b2f3ca {"id":"10001","client_id":"bft_client0001","payload":"put first_key=hello","status":0,"timestamp":100000,"md5sign":""}
receiveMsg 183d6c4930a03b96a555c5f725b2f3ca {"id":"10001","client_id":"bft_client0001","payload":"put first_key=hello","status":0,"timestamp":100000,"md5sign":""}
receiveMsg 183d6c4930a03b96a555c5f725b2f3ca {"id":"10001","client_id":"bft_client0001","payload":"put first_key=hello","timestamp":100000,"status":0,"md5sign":""}
receiveMsg 183d6c4930a03b96a555c5f725b2f3ca {"id":"10001","client_id":"bft_client0001","payload":"put first_key=hello","status":0,"timestamp":100000,"md5sign":""}
receiveMsg 183d6c4930a03b96a555c5f725b2f3ca {"id":"10001","client_id":"bft_client0001","payload":"put first_key=hello","status":0,"timestamp":100000,"md5sign":""}
receiveMsg 183d6c4930a03b96a555c5f725b2f3ca {"id":"10001","client_id":"bft_client0001","payload":"put first_key=hello","status":0,"timestamp":100000,"md5sign":""}
receiveMsg 183d6c4930a03b96a555c5f725b2f3ca {"id":"10001","client_id":"bft_client0001","payload":"put first_key=hello","status":0,"timestamp":100000,"md5sign":""}
receiveMsg 183d6c4930a03b96a555c5f725b2f3ca {"id":"10001","client_id":"bft_client0001","payload":"put first_key=hello","timestamp":100000,"status":0,"md5sign":""}
receiveMsg 183d6c4930a03b96a555c5f725b2f3ca {"id":"10001","client_id":"bft_client0001","payload":"put first_key=hello","status":0,"timestamp":100000,"md5sign":""}
receiveMsg 183d6c4930a03b96a555c5f725b2f3ca {"id":"10001","client_id":"bft_client0001","payload":"put first_key=hello","status":0,"timestamp":100000,"md5sign":""}
receiveMsg 183d6c4930a03b96a555c5f725b2f3ca {"id":"10001","client_id":"bft_client0001","payload":"put first_key=hello","timestamp":100000,"status":0,"md5sign":""}
receiveMsg 9fd74114b0481dc743dfd54d81d63c4e {"id":"10001","client_id":"bft_client0001","payload":"put first_key=hello2","timestamp":100000,"status":0,"md5sign":""}
receiveMsg 9fd74114b0481dc743dfd54d81d63c4e {"id":"10001","client_id":"bft_client0001","payload":"put first_key=hello2","timestamp":100000,"status":0,"md5sign":""}
receiveMsg 9fd74114b0481dc743dfd54d81d63c4e {"id":"10001","client_id":"bft_client0001","payload":"put first_key=hello2","status":0,"timestamp":100000,"md5sign":""}
receiveMsg 9fd74114b0481dc743dfd54d81d63c4e {"id":"10001","client_id":"bft_client0001","payload":"put first_key=hello2","status":0,"timestamp":100000,"md5sign":""}
receiveMsg 183d6c4930a03b96a555c5f725b2f3ca {"id":"10001","client_id":"bft_client0001","payload":"put first_key=hello","timestamp":100000,"status":0,"md5sign":""}
receiveMsg 183d6c4930a03b96a555c5f725b2f3ca {"id":"10001","client_id":"bft_client0001","payload":"put first_key=hello","status":0,"timestamp":100000,"md5sign":""}
receiveMsg 183d6c4930a03b96a555c5f725b2f3ca {"id":"10001","client_id":"bft_client0001","payload":"put first_key=hello","status":0,"timestamp":100000,"md5sign":""}
receiveMsg 183d6c4930a03b96a555c5f725b2f3ca {"id":"10001","client_id":"bft_client0001","payload":"put first_key=hello","timestamp":100000,"status":0,"md5sign":""}
receiveMsg 9fd74114b0481dc743dfd54d81d63c4e {"id":"10001","client_id":"bft_client0001","payload":"put first_key=hello2","timestamp":100000,"status":0,"md5sign":""}
receiveMsg 183d6c4930a03b96a555c5f725b2f3ca {"id":"10001","client_id":"bft_client0001","payload":"put first_key=hello","timestamp":100000,"status":0,"md5sign":""}
receiveMsg 183d6c4930a03b96a555c5f725b2f3ca {"id":"10001","client_id":"bft_client0001","payload":"put first_key=hello","status":0,"timestamp":100000,"md5sign":""}
receiveMsg 183d6c4930a03b96a555c5f725b2f3ca {"id":"10001","client_id":"bft_client0001","payload":"put first_key=hello","status":0,"timestamp":100000,"md5sign":""}
receiveMsg 9fd74114b0481dc743dfd54d81d63c4e {"id":"10001","client_id":"bft_client0001","payload":"put first_key=hello2","timestamp":100000,"status":0,"md5sign":""}
receiveMsg 9fd74114b0481dc743dfd54d81d63c4e {"id":"10001","client_id":"bft_client0001","payload":"put first_key=hello2","timestamp":100000,"status":0,"md5sign":""}
receiveMsg 183d6c4930a03b96a555c5f725b2f3ca {"id":"10001","client_id":"bft_client0001","payload":"put first_key=hello","timestamp":100000,"status":0,"md5sign":""}
receiveMsg 183d6c4930a03b96a555c5f725b2f3ca {"id":"10001","client_id":"bft_client0001","payload":"put first_key=hello","timestamp":100000,"status":0,"md5sign":""}
receiveMsg 183d6c4930a03b96a555c5f725b2f3ca {"id":"10001","client_id":"bft_client0001","payload":"put first_key=hello","timestamp":100000,"status":0,"md5sign":""}
receiveMsg 183d6c4930a03b96a555c5f725b2f3ca {"id":"10001","client_id":"bft_client0001","payload":"put first_key=hello","timestamp":100000,"status":0,"md5sign":""}
receiveMsg 183d6c4930a03b96a555c5f725b2f3ca {"id":"10001","client_id":"bft_client0001","payload":"put first_key=hello","timestamp":100000,"status":0,"md5sign":""}
receiveMsg 183d6c4930a03b96a555c5f725b2f3ca {"id":"10001","client_id":"bft_client0001","payload":"put first_key=hello","timestamp":100000,"status":0,"md5sign":""}
