config file slave3_node_config.json
bengin to broadcase
send finish 10.3.209.223:8780 regist v0.1 120
{"address":"10.3.209.223","port":"8783","public_key":"5d6d236b52d18e3ab6d6072fb6e4c7d46bd59ad9cc1947265f00b720fa2c8f66"}

send to primary node regist
receive one connection
receive one msg prePrepare v0.1 319
{"view_num":1,"node_id":1,"sequence_num":1,"msg_digest":"41605df3f214f7455013ebf86b11cc029cd28decbc63080a61c8e073da4cd547c561f32fae2c1067a7601fee0c42de2272fb9ba9bb5e30854dde24c0105e0903","client_msg":{"id":"10001","client_id":"bft_client0001","payload":"put first_key=hello","status":0,"timestamp":100000,"md5sign":""}}

send msg to processor
receive prePrepare command
begin doPrepare for
doPrepare new  sequence num msg
bengin to broadcase 4
send finish 10.3.209.223:8780 prepare v0.1 187
{"view_num":1,"sequence_num":1,"msg_digest":"0a9b641ccfbf2d99433ae57a8789e860497a406cb3ed497d28f779a12a26411a47b5055bfc00b48fec5fbc7a30a7645adba50cb4b0c9aebb32e0319680f9c005","node_id":4}

send to node 10.3.209.223
send finish 10.3.209.223:8781 prepare v0.1 187
{"view_num":1,"sequence_num":1,"msg_digest":"0a9b641ccfbf2d99433ae57a8789e860497a406cb3ed497d28f779a12a26411a47b5055bfc00b48fec5fbc7a30a7645adba50cb4b0c9aebb32e0319680f9c005","node_id":4}

send to node 10.3.209.223
receive one connection
receive one msg prepare v0.1 187
{"view_num":1,"sequence_num":1,"msg_digest":"4df256727de2f5e1501fb76b982801b0dc5ffa5258fa149abe3bdfad7a20bb2ec6f52a2e47f2718b30cb709c387fdfe3b77e6e491a850c8649f3e252f184070e","node_id":1}

send msg to processor
receive one connection
receive one msg prepare v0.1 187
{"view_num":1,"sequence_num":1,"msg_digest":"75ecd57a0a45b9f72769627790069de430003a43896987d82266f0ded1be821300d2ed97c3832bb0458d58be6cf5245876b8a3124bb0bcd243408d64b85c3504","node_id":2}

send msg to processor
send finish 10.3.209.223:8782 prepare v0.1 187
{"view_num":1,"sequence_num":1,"msg_digest":"0a9b641ccfbf2d99433ae57a8789e860497a406cb3ed497d28f779a12a26411a47b5055bfc00b48fec5fbc7a30a7645adba50cb4b0c9aebb32e0319680f9c005","node_id":4}

send to node 10.3.209.223
receive one connection
receive one msg prepare v0.1 187
{"view_num":1,"sequence_num":1,"msg_digest":"fb8568579019af2d3f05924fe34fd44f3dffd4b0b362aaf41f031c62a8a38b50be54e33cc72a9de5608a29a31039d8c6366b4084aaee0b4b386898afc49ac203","node_id":3}

send msg to processor
receive prepare command
bein receivePrepare
enough prepare 2 3
receive prepare command
bein receivePrepare
enough prepare 3 3
begin to commit 1
write the log file commit 1 put first_key=hello

write the business file put first_key=hello
commit msg {"view_num":1,"sequence_num":1,"msg_digest":"0a9b641ccfbf2d99433ae57a8789e860497a406cb3ed497d28f779a12a26411a47b5055bfc00b48fec5fbc7a30a7645adba50cb4b0c9aebb32e0319680f9c005","node_id":4}
bengin to broadcase 4
send finish 10.3.209.223:8780 commit v0.1 187
{"view_num":1,"sequence_num":1,"msg_digest":"0a9b641ccfbf2d99433ae57a8789e860497a406cb3ed497d28f779a12a26411a47b5055bfc00b48fec5fbc7a30a7645adba50cb4b0c9aebb32e0319680f9c005","node_id":4}

send to node 10.3.209.223
receive one connection
receive one msg commit v0.1 187
{"view_num":1,"sequence_num":1,"msg_digest":"4df256727de2f5e1501fb76b982801b0dc5ffa5258fa149abe3bdfad7a20bb2ec6f52a2e47f2718b30cb709c387fdfe3b77e6e491a850c8649f3e252f184070e","node_id":1}

send msg to processor
send finish 10.3.209.223:8781 commit v0.1 187
{"view_num":1,"sequence_num":1,"msg_digest":"0a9b641ccfbf2d99433ae57a8789e860497a406cb3ed497d28f779a12a26411a47b5055bfc00b48fec5fbc7a30a7645adba50cb4b0c9aebb32e0319680f9c005","node_id":4}

send to node 10.3.209.223
send finish 10.3.209.223:8782 commit v0.1 187
{"view_num":1,"sequence_num":1,"msg_digest":"0a9b641ccfbf2d99433ae57a8789e860497a406cb3ed497d28f779a12a26411a47b5055bfc00b48fec5fbc7a30a7645adba50cb4b0c9aebb32e0319680f9c005","node_id":4}

send to node 10.3.209.223
receive prepare command
bein receivePrepare
receive one connection
receive one msg commit v0.1 187
{"view_num":1,"sequence_num":1,"msg_digest":"75ecd57a0a45b9f72769627790069de430003a43896987d82266f0ded1be821300d2ed97c3832bb0458d58be6cf5245876b8a3124bb0bcd243408d64b85c3504","node_id":2}

send msg to processor
receive one connection
receive one msg commit v0.1 187
{"view_num":1,"sequence_num":1,"msg_digest":"fb8568579019af2d3f05924fe34fd44f3dffd4b0b362aaf41f031c62a8a38b50be54e33cc72a9de5608a29a31039d8c6366b4084aaee0b4b386898afc49ac203","node_id":3}

send msg to processor
enough prepare 4 3
begin to commit 1
receive commit command
receive commit command
receive commit command
